Determining size of off64_t failed with the following output:
Change Dir: /Users/Muku/Desktop/MatchPill/opencv/build/CMakeFiles/CMakeTmp

Run Build Command:/usr/bin/make "cmTryCompileExec2331036774/fast"
/usr/bin/make -f CMakeFiles/cmTryCompileExec2331036774.dir/build.make CMakeFiles/cmTryCompileExec2331036774.dir/build
"/Users/Muku/Desktop/CMake 2.8-11.app/Contents/bin/cmake" -E cmake_progress_report /Users/Muku/Desktop/MatchPill/opencv/build/CMakeFiles/CMakeTmp/CMakeFiles 1
Building C object CMakeFiles/cmTryCompileExec2331036774.dir/OFF64_T.c.o
/usr/bin/cc   -fsigned-char -W -Werror=return-type -Werror=address -Werror=sequence-point -Wformat -Werror=format-security -Wmissing-declarations -Wmissing-prototypes -Wstrict-prototypes -Wundef -Winit-self -Wpointer-arith -Wshadow -Wsign-promo -Wno-narrowing -Wno-delete-non-virtual-dtor -Wno-unnamed-type-template-args -fdiagnostics-show-option -fno-omit-frame-pointer -msse -msse2 -msse3   -O3 -DNDEBUG   -o CMakeFiles/cmTryCompileExec2331036774.dir/OFF64_T.c.o   -c /Users/Muku/Desktop/MatchPill/opencv/build/CMakeFiles/CheckTypeSize/OFF64_T.c
/Users/Muku/Desktop/MatchPill/opencv/build/CMakeFiles/CheckTypeSize/OFF64_T.c:19:12: error: use of undeclared identifier 'off64_t'; did you mean 'off_t'?
  ('0' + ((SIZE / 10000)%10)),
           ^
/Users/Muku/Desktop/MatchPill/opencv/build/CMakeFiles/CheckTypeSize/OFF64_T.c:17:22: note: expanded from macro 'SIZE'
#define SIZE (sizeof(off64_t))
                     ^
/Users/Muku/Desktop/MatchPill/opencv/build/CMakeFiles/CheckTypeSize/OFF64_T.c:20:12: error: use of undeclared identifier 'off64_t'; did you mean 'off_t'?
  ('0' + ((SIZE / 1000)%10)),
           ^
/Users/Muku/Desktop/MatchPill/opencv/build/CMakeFiles/CheckTypeSize/OFF64_T.c:17:22: note: expanded from macro 'SIZE'
#define SIZE (sizeof(off64_t))
                     ^
/Users/Muku/Desktop/MatchPill/opencv/build/CMakeFiles/CheckTypeSize/OFF64_T.c:21:12: error: use of undeclared identifier 'off64_t'; did you mean 'off_t'?
  ('0' + ((SIZE / 100)%10)),
           ^
/Users/Muku/Desktop/MatchPill/opencv/build/CMakeFiles/CheckTypeSize/OFF64_T.c:17:22: note: expanded from macro 'SIZE'
#define SIZE (sizeof(off64_t))
                     ^
/Users/Muku/Desktop/MatchPill/opencv/build/CMakeFiles/CheckTypeSize/OFF64_T.c:22:12: error: use of undeclared identifier 'off64_t'; did you mean 'off_t'?
  ('0' + ((SIZE / 10)%10)),
           ^
/Users/Muku/Desktop/MatchPill/opencv/build/CMakeFiles/CheckTypeSize/OFF64_T.c:17:22: note: expanded from macro 'SIZE'
#define SIZE (sizeof(off64_t))
                     ^
/Users/Muku/Desktop/MatchPill/opencv/build/CMakeFiles/CheckTypeSize/OFF64_T.c:23:12: error: use of undeclared identifier 'off64_t'; did you mean 'off_t'?
  ('0' +  (SIZE    % 10)),
           ^
/Users/Muku/Desktop/MatchPill/opencv/build/CMakeFiles/CheckTypeSize/OFF64_T.c:17:22: note: expanded from macro 'SIZE'
#define SIZE (sizeof(off64_t))
                     ^
5 errors generated.
make[1]: *** [CMakeFiles/cmTryCompileExec2331036774.dir/OFF64_T.c.o] Error 1
make: *** [cmTryCompileExec2331036774/fast] Error 2

/Users/Muku/Desktop/MatchPill/opencv/build/CMakeFiles/CheckTypeSize/OFF64_T.c:
#include <sys/types.h>
#include <stdint.h>
#include <stddef.h>


#undef KEY
#if defined(__i386)
# define KEY '_','_','i','3','8','6'
#elif defined(__x86_64)
# define KEY '_','_','x','8','6','_','6','4'
#elif defined(__ppc__)
# define KEY '_','_','p','p','c','_','_'
#elif defined(__ppc64__)
# define KEY '_','_','p','p','c','6','4','_','_'
#endif

#define SIZE (sizeof(off64_t))
char info_size[] =  {'I', 'N', 'F', 'O', ':', 's','i','z','e','[',
  ('0' + ((SIZE / 10000)%10)),
  ('0' + ((SIZE / 1000)%10)),
  ('0' + ((SIZE / 100)%10)),
  ('0' + ((SIZE / 10)%10)),
  ('0' +  (SIZE    % 10)),
  ']',
#ifdef KEY
  ' ','k','e','y','[', KEY, ']',
#endif
  '\0'};

#ifdef __CLASSIC_C__
int main(argc, argv) int argc; char *argv[];
#else
int main(int argc, char *argv[])
#endif
{
  int require = 0;
  require += info_size[argc];
  (void)argv;
  return require;
}


Determining if the include file io.h exists failed with the following output:
Change Dir: /Users/Muku/Desktop/MatchPill/opencv/build/CMakeFiles/CMakeTmp

Run Build Command:/usr/bin/make "cmTryCompileExec3027478895/fast"
/usr/bin/make -f CMakeFiles/cmTryCompileExec3027478895.dir/build.make CMakeFiles/cmTryCompileExec3027478895.dir/build
"/Users/Muku/Desktop/CMake 2.8-11.app/Contents/bin/cmake" -E cmake_progress_report /Users/Muku/Desktop/MatchPill/opencv/build/CMakeFiles/CMakeTmp/CMakeFiles 1
Building C object CMakeFiles/cmTryCompileExec3027478895.dir/CheckIncludeFile.c.o
/usr/bin/cc   -fsigned-char -W -Werror=return-type -Werror=address -Werror=sequence-point -Wformat -Werror=format-security -Wmissing-declarations -Wmissing-prototypes -Wstrict-prototypes -Wundef -Winit-self -Wpointer-arith -Wshadow -Wsign-promo -Wno-narrowing -Wno-delete-non-virtual-dtor -Wno-unnamed-type-template-args -fdiagnostics-show-option -fno-omit-frame-pointer -msse -msse2 -msse3   -O3 -DNDEBUG   -o CMakeFiles/cmTryCompileExec3027478895.dir/CheckIncludeFile.c.o   -c /Users/Muku/Desktop/MatchPill/opencv/build/CMakeFiles/CMakeTmp/CheckIncludeFile.c
/Users/Muku/Desktop/MatchPill/opencv/build/CMakeFiles/CMakeTmp/CheckIncludeFile.c:1:10: fatal error: 'io.h' file not found
#include <io.h>
         ^
1 error generated.
make[1]: *** [CMakeFiles/cmTryCompileExec3027478895.dir/CheckIncludeFile.c.o] Error 1
make: *** [cmTryCompileExec3027478895/fast] Error 2


Determining if the function jbg_newlen exists failed with the following output:
Change Dir: /Users/Muku/Desktop/MatchPill/opencv/build/CMakeFiles/CMakeTmp

Run Build Command:/usr/bin/make "cmTryCompileExec2475419949/fast"
/usr/bin/make -f CMakeFiles/cmTryCompileExec2475419949.dir/build.make CMakeFiles/cmTryCompileExec2475419949.dir/build
"/Users/Muku/Desktop/CMake 2.8-11.app/Contents/bin/cmake" -E cmake_progress_report /Users/Muku/Desktop/MatchPill/opencv/build/CMakeFiles/CMakeTmp/CMakeFiles 1
Building C object CMakeFiles/cmTryCompileExec2475419949.dir/CheckFunctionExists.c.o
/usr/bin/cc   -fsigned-char -W -Werror=return-type -Werror=address -Werror=sequence-point -Wformat -Werror=format-security -Wmissing-declarations -Wmissing-prototypes -Wstrict-prototypes -Wundef -Winit-self -Wpointer-arith -Wshadow -Wsign-promo -Wno-narrowing -Wno-delete-non-virtual-dtor -Wno-unnamed-type-template-args -fdiagnostics-show-option -fno-omit-frame-pointer -msse -msse2 -msse3  -DCHECK_FUNCTION_EXISTS=jbg_newlen -O3 -DNDEBUG   -o CMakeFiles/cmTryCompileExec2475419949.dir/CheckFunctionExists.c.o   -c "/Users/Muku/Desktop/CMake 2.8-11.app/Contents/share/cmake-2.8/Modules/CheckFunctionExists.c"
Linking C executable cmTryCompileExec2475419949
"/Users/Muku/Desktop/CMake 2.8-11.app/Contents/bin/cmake" -E cmake_link_script CMakeFiles/cmTryCompileExec2475419949.dir/link.txt --verbose=1
/usr/bin/cc      -fsigned-char -W -Werror=return-type -Werror=address -Werror=sequence-point -Wformat -Werror=format-security -Wmissing-declarations -Wmissing-prototypes -Wstrict-prototypes -Wundef -Winit-self -Wpointer-arith -Wshadow -Wsign-promo -Wno-narrowing -Wno-delete-non-virtual-dtor -Wno-unnamed-type-template-args -fdiagnostics-show-option -fno-omit-frame-pointer -msse -msse2 -msse3  -DCHECK_FUNCTION_EXISTS=jbg_newlen -O3 -DNDEBUG -Wl,-search_paths_first -Wl,-headerpad_max_install_names   CMakeFiles/cmTryCompileExec2475419949.dir/CheckFunctionExists.c.o  -o cmTryCompileExec2475419949  
Undefined symbols for architecture x86_64:
  "_jbg_newlen", referenced from:
      _main in CheckFunctionExists.c.o
ld: symbol(s) not found for architecture x86_64
clang: error: linker command failed with exit code 1 (use -v to see invocation)
make[1]: *** [cmTryCompileExec2475419949] Error 1
make: *** [cmTryCompileExec2475419949/fast] Error 2


Determining if the include file linux/videodev.h exists failed with the following output:
Change Dir: /Users/Muku/Desktop/MatchPill/opencv/build/CMakeFiles/CMakeTmp

Run Build Command:/usr/bin/make "cmTryCompileExec501627527/fast"
/usr/bin/make -f CMakeFiles/cmTryCompileExec501627527.dir/build.make CMakeFiles/cmTryCompileExec501627527.dir/build
"/Users/Muku/Desktop/CMake 2.8-11.app/Contents/bin/cmake" -E cmake_progress_report /Users/Muku/Desktop/MatchPill/opencv/build/CMakeFiles/CMakeTmp/CMakeFiles 1
Building C object CMakeFiles/cmTryCompileExec501627527.dir/CheckIncludeFile.c.o
/usr/bin/cc   -fsigned-char -W -Werror=return-type -Werror=address -Werror=sequence-point -Wformat -Werror=format-security -Wmissing-declarations -Wmissing-prototypes -Wstrict-prototypes -Wundef -Winit-self -Wpointer-arith -Wshadow -Wsign-promo -Wno-narrowing -Wno-delete-non-virtual-dtor -Wno-unnamed-type-template-args -fdiagnostics-show-option -fno-omit-frame-pointer -msse -msse2 -msse3   -O3 -DNDEBUG   -o CMakeFiles/cmTryCompileExec501627527.dir/CheckIncludeFile.c.o   -c /Users/Muku/Desktop/MatchPill/opencv/build/CMakeFiles/CMakeTmp/CheckIncludeFile.c
/Users/Muku/Desktop/MatchPill/opencv/build/CMakeFiles/CMakeTmp/CheckIncludeFile.c:1:10: fatal error: 'linux/videodev.h' file not found
#include <linux/videodev.h>
         ^
1 error generated.
make[1]: *** [CMakeFiles/cmTryCompileExec501627527.dir/CheckIncludeFile.c.o] Error 1
make: *** [cmTryCompileExec501627527/fast] Error 2


Determining if the include file linux/videodev2.h exists failed with the following output:
Change Dir: /Users/Muku/Desktop/MatchPill/opencv/build/CMakeFiles/CMakeTmp

Run Build Command:/usr/bin/make "cmTryCompileExec1428099474/fast"
/usr/bin/make -f CMakeFiles/cmTryCompileExec1428099474.dir/build.make CMakeFiles/cmTryCompileExec1428099474.dir/build
"/Users/Muku/Desktop/CMake 2.8-11.app/Contents/bin/cmake" -E cmake_progress_report /Users/Muku/Desktop/MatchPill/opencv/build/CMakeFiles/CMakeTmp/CMakeFiles 1
Building C object CMakeFiles/cmTryCompileExec1428099474.dir/CheckIncludeFile.c.o
/usr/bin/cc   -fsigned-char -W -Werror=return-type -Werror=address -Werror=sequence-point -Wformat -Werror=format-security -Wmissing-declarations -Wmissing-prototypes -Wstrict-prototypes -Wundef -Winit-self -Wpointer-arith -Wshadow -Wsign-promo -Wno-narrowing -Wno-delete-non-virtual-dtor -Wno-unnamed-type-template-args -fdiagnostics-show-option -fno-omit-frame-pointer -msse -msse2 -msse3   -O3 -DNDEBUG   -o CMakeFiles/cmTryCompileExec1428099474.dir/CheckIncludeFile.c.o   -c /Users/Muku/Desktop/MatchPill/opencv/build/CMakeFiles/CMakeTmp/CheckIncludeFile.c
/Users/Muku/Desktop/MatchPill/opencv/build/CMakeFiles/CMakeTmp/CheckIncludeFile.c:1:10: fatal error: 'linux/videodev2.h' file not found
#include <linux/videodev2.h>
         ^
1 error generated.
make[1]: *** [CMakeFiles/cmTryCompileExec1428099474.dir/CheckIncludeFile.c.o] Error 1
make: *** [cmTryCompileExec1428099474/fast] Error 2


Determining if the include file sys/videoio.h exists failed with the following output:
Change Dir: /Users/Muku/Desktop/MatchPill/opencv/build/CMakeFiles/CMakeTmp

Run Build Command:/usr/bin/make "cmTryCompileExec1653712552/fast"
/usr/bin/make -f CMakeFiles/cmTryCompileExec1653712552.dir/build.make CMakeFiles/cmTryCompileExec1653712552.dir/build
"/Users/Muku/Desktop/CMake 2.8-11.app/Contents/bin/cmake" -E cmake_progress_report /Users/Muku/Desktop/MatchPill/opencv/build/CMakeFiles/CMakeTmp/CMakeFiles 1
Building C object CMakeFiles/cmTryCompileExec1653712552.dir/CheckIncludeFile.c.o
/usr/bin/cc   -fsigned-char -W -Werror=return-type -Werror=address -Werror=sequence-point -Wformat -Werror=format-security -Wmissing-declarations -Wmissing-prototypes -Wstrict-prototypes -Wundef -Winit-self -Wpointer-arith -Wshadow -Wsign-promo -Wno-narrowing -Wno-delete-non-virtual-dtor -Wno-unnamed-type-template-args -fdiagnostics-show-option -fno-omit-frame-pointer -msse -msse2 -msse3   -O3 -DNDEBUG   -o CMakeFiles/cmTryCompileExec1653712552.dir/CheckIncludeFile.c.o   -c /Users/Muku/Desktop/MatchPill/opencv/build/CMakeFiles/CMakeTmp/CheckIncludeFile.c
/Users/Muku/Desktop/MatchPill/opencv/build/CMakeFiles/CMakeTmp/CheckIncludeFile.c:1:10: fatal error: 'sys/videoio.h' file not found
#include <sys/videoio.h>
         ^
1 error generated.
make[1]: *** [CMakeFiles/cmTryCompileExec1653712552.dir/CheckIncludeFile.c.o] Error 1
make: *** [cmTryCompileExec1653712552/fast] Error 2


Determining if the include file libavformat/avformat.h exists failed with the following output:
Change Dir: /Users/Muku/Desktop/MatchPill/opencv/build/CMakeFiles/CMakeTmp

Run Build Command:/usr/bin/make "cmTryCompileExec3360390293/fast"
/usr/bin/make -f CMakeFiles/cmTryCompileExec3360390293.dir/build.make CMakeFiles/cmTryCompileExec3360390293.dir/build
"/Users/Muku/Desktop/CMake 2.8-11.app/Contents/bin/cmake" -E cmake_progress_report /Users/Muku/Desktop/MatchPill/opencv/build/CMakeFiles/CMakeTmp/CMakeFiles 1
Building C object CMakeFiles/cmTryCompileExec3360390293.dir/CheckIncludeFile.c.o
/usr/bin/cc   -fsigned-char -W -Werror=return-type -Werror=address -Werror=sequence-point -Wformat -Werror=format-security -Wmissing-declarations -Wmissing-prototypes -Wstrict-prototypes -Wundef -Winit-self -Wpointer-arith -Wshadow -Wsign-promo -Wno-narrowing -Wno-delete-non-virtual-dtor -Wno-unnamed-type-template-args -fdiagnostics-show-option -fno-omit-frame-pointer -msse -msse2 -msse3   -O3 -DNDEBUG   -o CMakeFiles/cmTryCompileExec3360390293.dir/CheckIncludeFile.c.o   -c /Users/Muku/Desktop/MatchPill/opencv/build/CMakeFiles/CMakeTmp/CheckIncludeFile.c
/Users/Muku/Desktop/MatchPill/opencv/build/CMakeFiles/CMakeTmp/CheckIncludeFile.c:1:10: fatal error: 'libavformat/avformat.h' file not found
#include <libavformat/avformat.h>
         ^
1 error generated.
make[1]: *** [CMakeFiles/cmTryCompileExec3360390293.dir/CheckIncludeFile.c.o] Error 1
make: *** [cmTryCompileExec3360390293/fast] Error 2


Determining if the include file ffmpeg/avformat.h exists failed with the following output:
Change Dir: /Users/Muku/Desktop/MatchPill/opencv/build/CMakeFiles/CMakeTmp

Run Build Command:/usr/bin/make "cmTryCompileExec1103152947/fast"
/usr/bin/make -f CMakeFiles/cmTryCompileExec1103152947.dir/build.make CMakeFiles/cmTryCompileExec1103152947.dir/build
"/Users/Muku/Desktop/CMake 2.8-11.app/Contents/bin/cmake" -E cmake_progress_report /Users/Muku/Desktop/MatchPill/opencv/build/CMakeFiles/CMakeTmp/CMakeFiles 1
Building C object CMakeFiles/cmTryCompileExec1103152947.dir/CheckIncludeFile.c.o
/usr/bin/cc   -fsigned-char -W -Werror=return-type -Werror=address -Werror=sequence-point -Wformat -Werror=format-security -Wmissing-declarations -Wmissing-prototypes -Wstrict-prototypes -Wundef -Winit-self -Wpointer-arith -Wshadow -Wsign-promo -Wno-narrowing -Wno-delete-non-virtual-dtor -Wno-unnamed-type-template-args -fdiagnostics-show-option -fno-omit-frame-pointer -msse -msse2 -msse3   -O3 -DNDEBUG   -o CMakeFiles/cmTryCompileExec1103152947.dir/CheckIncludeFile.c.o   -c /Users/Muku/Desktop/MatchPill/opencv/build/CMakeFiles/CMakeTmp/CheckIncludeFile.c
/Users/Muku/Desktop/MatchPill/opencv/build/CMakeFiles/CMakeTmp/CheckIncludeFile.c:1:10: fatal error: 'ffmpeg/avformat.h' file not found
#include <ffmpeg/avformat.h>
         ^
1 error generated.
make[1]: *** [CMakeFiles/cmTryCompileExec1103152947.dir/CheckIncludeFile.c.o] Error 1
make: *** [cmTryCompileExec1103152947/fast] Error 2


Determining if the include file linux/videodev.h exists failed with the following output:
Change Dir: /Users/Muku/Desktop/MatchPill/opencv/build/CMakeFiles/CMakeTmp

Run Build Command:/usr/bin/make "cmTryCompileExec3451819449/fast"
/usr/bin/make -f CMakeFiles/cmTryCompileExec3451819449.dir/build.make CMakeFiles/cmTryCompileExec3451819449.dir/build
"/Users/Muku/Desktop/CMake 2.8-11.app/Contents/bin/cmake" -E cmake_progress_report /Users/Muku/Desktop/MatchPill/opencv/build/CMakeFiles/CMakeTmp/CMakeFiles 1
Building C object CMakeFiles/cmTryCompileExec3451819449.dir/CheckIncludeFile.c.o
/usr/bin/cc   -fsigned-char -W -Werror=return-type -Werror=address -Werror=sequence-point -Wformat -Werror=format-security -Wmissing-declarations -Wmissing-prototypes -Wstrict-prototypes -Wundef -Winit-self -Wpointer-arith -Wshadow -Wsign-promo -Wno-narrowing -Wno-delete-non-virtual-dtor -Wno-unnamed-type-template-args -fdiagnostics-show-option -fno-omit-frame-pointer -msse -msse2 -msse3   -O3 -DNDEBUG   -o CMakeFiles/cmTryCompileExec3451819449.dir/CheckIncludeFile.c.o   -c /Users/Muku/Desktop/MatchPill/opencv/build/CMakeFiles/CMakeTmp/CheckIncludeFile.c
/Users/Muku/Desktop/MatchPill/opencv/build/CMakeFiles/CMakeTmp/CheckIncludeFile.c:1:10: fatal error: 'linux/videodev.h' file not found
#include <linux/videodev.h>
         ^
1 error generated.
make[1]: *** [CMakeFiles/cmTryCompileExec3451819449.dir/CheckIncludeFile.c.o] Error 1
make: *** [cmTryCompileExec3451819449/fast] Error 2


Determining if the include file linux/videodev2.h exists failed with the following output:
Change Dir: /Users/Muku/Desktop/MatchPill/opencv/build/CMakeFiles/CMakeTmp

Run Build Command:/usr/bin/make "cmTryCompileExec4201697424/fast"
/usr/bin/make -f CMakeFiles/cmTryCompileExec4201697424.dir/build.make CMakeFiles/cmTryCompileExec4201697424.dir/build
"/Users/Muku/Desktop/CMake 2.8-11.app/Contents/bin/cmake" -E cmake_progress_report /Users/Muku/Desktop/MatchPill/opencv/build/CMakeFiles/CMakeTmp/CMakeFiles 1
Building C object CMakeFiles/cmTryCompileExec4201697424.dir/CheckIncludeFile.c.o
/usr/bin/cc   -fsigned-char -W -Werror=return-type -Werror=address -Werror=sequence-point -Wformat -Werror=format-security -Wmissing-declarations -Wmissing-prototypes -Wstrict-prototypes -Wundef -Winit-self -Wpointer-arith -Wshadow -Wsign-promo -Wno-narrowing -Wno-delete-non-virtual-dtor -Wno-unnamed-type-template-args -fdiagnostics-show-option -fno-omit-frame-pointer -msse -msse2 -msse3   -O3 -DNDEBUG   -o CMakeFiles/cmTryCompileExec4201697424.dir/CheckIncludeFile.c.o   -c /Users/Muku/Desktop/MatchPill/opencv/build/CMakeFiles/CMakeTmp/CheckIncludeFile.c
/Users/Muku/Desktop/MatchPill/opencv/build/CMakeFiles/CMakeTmp/CheckIncludeFile.c:1:10: fatal error: 'linux/videodev2.h' file not found
#include <linux/videodev2.h>
         ^
1 error generated.
make[1]: *** [CMakeFiles/cmTryCompileExec4201697424.dir/CheckIncludeFile.c.o] Error 1
make: *** [cmTryCompileExec4201697424/fast] Error 2


Determining if the include file sys/videoio.h exists failed with the following output:
Change Dir: /Users/Muku/Desktop/MatchPill/opencv/build/CMakeFiles/CMakeTmp

Run Build Command:/usr/bin/make "cmTryCompileExec37815943/fast"
/usr/bin/make -f CMakeFiles/cmTryCompileExec37815943.dir/build.make CMakeFiles/cmTryCompileExec37815943.dir/build
"/Users/Muku/Desktop/CMake 2.8-11.app/Contents/bin/cmake" -E cmake_progress_report /Users/Muku/Desktop/MatchPill/opencv/build/CMakeFiles/CMakeTmp/CMakeFiles 1
Building C object CMakeFiles/cmTryCompileExec37815943.dir/CheckIncludeFile.c.o
/usr/bin/cc   -fsigned-char -W -Werror=return-type -Werror=address -Werror=sequence-point -Wformat -Werror=format-security -Wmissing-declarations -Wmissing-prototypes -Wstrict-prototypes -Wundef -Winit-self -Wpointer-arith -Wshadow -Wsign-promo -Wno-narrowing -Wno-delete-non-virtual-dtor -Wno-unnamed-type-template-args -fdiagnostics-show-option -fno-omit-frame-pointer -msse -msse2 -msse3   -O3 -DNDEBUG   -o CMakeFiles/cmTryCompileExec37815943.dir/CheckIncludeFile.c.o   -c /Users/Muku/Desktop/MatchPill/opencv/build/CMakeFiles/CMakeTmp/CheckIncludeFile.c
/Users/Muku/Desktop/MatchPill/opencv/build/CMakeFiles/CMakeTmp/CheckIncludeFile.c:1:10: fatal error: 'sys/videoio.h' file not found
#include <sys/videoio.h>
         ^
1 error generated.
make[1]: *** [CMakeFiles/cmTryCompileExec37815943.dir/CheckIncludeFile.c.o] Error 1
make: *** [cmTryCompileExec37815943/fast] Error 2


Determining if the include file libavformat/avformat.h exists failed with the following output:
Change Dir: /Users/Muku/Desktop/MatchPill/opencv/build/CMakeFiles/CMakeTmp

Run Build Command:/usr/bin/make "cmTryCompileExec2107847586/fast"
/usr/bin/make -f CMakeFiles/cmTryCompileExec2107847586.dir/build.make CMakeFiles/cmTryCompileExec2107847586.dir/build
"/Users/Muku/Desktop/CMake 2.8-11.app/Contents/bin/cmake" -E cmake_progress_report /Users/Muku/Desktop/MatchPill/opencv/build/CMakeFiles/CMakeTmp/CMakeFiles 1
Building C object CMakeFiles/cmTryCompileExec2107847586.dir/CheckIncludeFile.c.o
/usr/bin/cc   -fsigned-char -W -Werror=return-type -Werror=address -Werror=sequence-point -Wformat -Werror=format-security -Wmissing-declarations -Wmissing-prototypes -Wstrict-prototypes -Wundef -Winit-self -Wpointer-arith -Wshadow -Wsign-promo -Wno-narrowing -Wno-delete-non-virtual-dtor -Wno-unnamed-type-template-args -fdiagnostics-show-option -fno-omit-frame-pointer -msse -msse2 -msse3   -O3 -DNDEBUG   -o CMakeFiles/cmTryCompileExec2107847586.dir/CheckIncludeFile.c.o   -c /Users/Muku/Desktop/MatchPill/opencv/build/CMakeFiles/CMakeTmp/CheckIncludeFile.c
/Users/Muku/Desktop/MatchPill/opencv/build/CMakeFiles/CMakeTmp/CheckIncludeFile.c:1:10: fatal error: 'libavformat/avformat.h' file not found
#include <libavformat/avformat.h>
         ^
1 error generated.
make[1]: *** [CMakeFiles/cmTryCompileExec2107847586.dir/CheckIncludeFile.c.o] Error 1
make: *** [cmTryCompileExec2107847586/fast] Error 2


Determining if the include file ffmpeg/avformat.h exists failed with the following output:
Change Dir: /Users/Muku/Desktop/MatchPill/opencv/build/CMakeFiles/CMakeTmp

Run Build Command:/usr/bin/make "cmTryCompileExec577573565/fast"
/usr/bin/make -f CMakeFiles/cmTryCompileExec577573565.dir/build.make CMakeFiles/cmTryCompileExec577573565.dir/build
"/Users/Muku/Desktop/CMake 2.8-11.app/Contents/bin/cmake" -E cmake_progress_report /Users/Muku/Desktop/MatchPill/opencv/build/CMakeFiles/CMakeTmp/CMakeFiles 1
Building C object CMakeFiles/cmTryCompileExec577573565.dir/CheckIncludeFile.c.o
/usr/bin/cc   -fsigned-char -W -Werror=return-type -Werror=address -Werror=sequence-point -Wformat -Werror=format-security -Wmissing-declarations -Wmissing-prototypes -Wstrict-prototypes -Wundef -Winit-self -Wpointer-arith -Wshadow -Wsign-promo -Wno-narrowing -Wno-delete-non-virtual-dtor -Wno-unnamed-type-template-args -fdiagnostics-show-option -fno-omit-frame-pointer -msse -msse2 -msse3   -O3 -DNDEBUG   -o CMakeFiles/cmTryCompileExec577573565.dir/CheckIncludeFile.c.o   -c /Users/Muku/Desktop/MatchPill/opencv/build/CMakeFiles/CMakeTmp/CheckIncludeFile.c
/Users/Muku/Desktop/MatchPill/opencv/build/CMakeFiles/CMakeTmp/CheckIncludeFile.c:1:10: fatal error: 'ffmpeg/avformat.h' file not found
#include <ffmpeg/avformat.h>
         ^
1 error generated.
make[1]: *** [CMakeFiles/cmTryCompileExec577573565.dir/CheckIncludeFile.c.o] Error 1
make: *** [cmTryCompileExec577573565/fast] Error 2


